[2022-05-03T03:55:21+0000] [PACMAN] Running 'pacman -Syu --root /tmp/newmsys/msys64'
[2022-05-03T03:55:21+0000] [PACMAN] synchronizing package lists
[2022-05-03T03:55:24+0000] [PACMAN] starting core system upgrade
[2022-05-03T03:55:24+0000] [PACMAN] starting full system upgrade
[2022-05-03T03:55:25+0000] [PACMAN] Running 'pacman -S --noconfirm --root /tmp/newmsys/msys64 filesystem msys2-runtime'
[2022-05-03T03:55:27+0000] [ALPM] transaction started
[2022-05-03T03:55:27+0000] [ALPM] installed filesystem (2022.01-4)
[2022-05-03T03:55:27+0000] [ALPM] installed msys2-runtime (3.3.4-2)
[2022-05-03T03:55:27+0000] [ALPM] transaction completed
[2022-05-03T03:55:28+0000] [PACMAN] Running 'pacman -S --noconfirm --root /tmp/newmsys/msys64 base'
[2022-05-03T03:56:04+0000] [ALPM] transaction started
[2022-05-03T03:56:04+0000] [ALPM] installed bash (5.1.016-1)
[2022-05-03T03:56:05+0000] [ALPM] installed bash-completion (2.11-1)
[2022-05-03T03:56:05+0000] [ALPM] installed gcc-libs (11.2.0-3)
[2022-05-03T03:56:05+0000] [ALPM] installed libbz2 (1.0.8-3)
[2022-05-03T03:56:05+0000] [ALPM] installed libintl (0.21-1)
[2022-05-03T03:56:05+0000] [ALPM] installed libiconv (1.16-2)
[2022-05-03T03:56:05+0000] [ALPM] installed libexpat (2.4.8-1)
[2022-05-03T03:56:05+0000] [ALPM] installed libgettextpo (0.21-1)
[2022-05-03T03:56:05+0000] [ALPM] installed libasprintf (0.21-1)
[2022-05-03T03:56:05+0000] [ALPM] installed gettext (0.21-1)
[2022-05-03T03:56:05+0000] [ALPM] installed liblzma (5.2.5-2)
[2022-05-03T03:56:05+0000] [ALPM] installed liblz4 (1.9.3-1)
[2022-05-03T03:56:05+0000] [ALPM] installed zlib (1.2.12-1)
[2022-05-03T03:56:05+0000] [ALPM] installed libopenssl (1.1.1.n-1)
[2022-05-03T03:56:05+0000] [ALPM] installed libzstd (1.5.2-1)
[2022-05-03T03:56:05+0000] [ALPM] installed bsdtar (3.6.1-1)
[2022-05-03T03:56:05+0000] [ALPM] installed bzip2 (1.0.8-3)
[2022-05-03T03:56:05+0000] [ALPM] installed gmp (6.2.1-2)
[2022-05-03T03:56:06+0000] [ALPM] installed coreutils (8.32-2)
[2022-05-03T03:56:06+0000] [ALPM] installed openssl (1.1.1.n-1)
[2022-05-03T03:56:06+0000] [ALPM] installed findutils (4.9.0-2)
[2022-05-03T03:56:06+0000] [ALPM] installed sed (4.8-2)
[2022-05-03T03:56:06+0000] [ALPM] installed libffi (3.3-1)
[2022-05-03T03:56:15+0000] [ALPM] installed ncurses (6.3-3)
[2022-05-03T03:56:15+0000] [ALPM] installed libpcre (8.45-1)
[2022-05-03T03:56:15+0000] [ALPM] installed less (590-1)
[2022-05-03T03:56:15+0000] [ALPM] installed gzip (1.12-1)
[2022-05-03T03:56:15+0000] [ALPM] installed libcrypt (2.1-3)
[2022-05-03T03:56:15+0000] [ALPM] installed info (6.8-4)
[2022-05-03T03:56:15+0000] [ALPM] installed libtasn1 (4.18.0-3)
[2022-05-03T03:56:15+0000] [ALPM] installed libp11-kit (0.24.1-2)
[2022-05-03T03:56:15+0000] [ALPM] installed p11-kit (0.24.1-2)
[2022-05-03T03:56:15+0000] [ALPM] installed ca-certificates (20210119-3)
[2022-05-03T03:56:16+0000] [ALPM] installed brotli (1.0.9-2)
[2022-05-03T03:56:16+0000] [ALPM] installed libdb (5.3.28-3)
[2022-05-03T03:56:16+0000] [ALPM] installed libedit (20210910_3.1-1)
[2022-05-03T03:56:16+0000] [ALPM] installed libreadline (8.1.002-2)
[2022-05-03T03:56:18+0000] [ALPM] installed tcl (8.6.10-1)
[2022-05-03T03:56:18+0000] [ALPM] installed libsqlite (3.38.2-1)
[2022-05-03T03:56:18+0000] [ALPM] installed heimdal-libs (7.7.0-3)
[2022-05-03T03:56:18+0000] [ALPM] installed libunistring (0.9.10-1)
[2022-05-03T03:56:18+0000] [ALPM] installed libidn2 (2.3.2-2)
[2022-05-03T03:56:18+0000] [ALPM] installed libnghttp2 (1.47.0-2)
[2022-05-03T03:56:18+0000] [ALPM] installed icu (70.1-1)
[2022-05-03T03:56:18+0000] [ALPM] installed libxml2 (2.9.13-1)
[2022-05-03T03:56:19+0000] [ALPM] installed libgpg-error (1.45-1)
[2022-05-03T03:56:19+0000] [ALPM] installed libgcrypt (1.10.1-4)
[2022-05-03T03:56:19+0000] [ALPM] installed libxslt (1.1.35-1)
[2022-05-03T03:56:19+0000] [ALPM] installed libpsl (0.21.1-2)
[2022-05-03T03:56:19+0000] [ALPM] installed libssh2 (1.10.0-1)
[2022-05-03T03:56:19+0000] [ALPM] installed libcurl (7.83.0-1)
[2022-05-03T03:56:20+0000] [ALPM] installed curl (7.83.0-1)
[2022-05-03T03:56:20+0000] [ALPM] installed grep (1~3.0-3)
[2022-05-03T03:56:20+0000] [ALPM] installed dash (0.5.11.5-1)
[2022-05-03T03:56:20+0000] [ALPM] installed file (5.41-4)
[2022-05-03T03:56:20+0000] [ALPM] installed mpfr (4.1.0-1)
[2022-05-03T03:56:20+0000] [ALPM] installed gawk (5.1.0-2)
[2022-05-03T03:56:20+0000] [ALPM] installed libargp (20110921-3)
[2022-05-03T03:56:20+0000] [ALPM] installed getent (2.18.90-3)
[2022-05-03T03:56:20+0000] [ALPM] installed tftp-hpa (5.2-4)
[2022-05-03T03:56:20+0000] [ALPM] installed inetutils (1.9.4-3)
[2022-05-03T03:56:21+0000] [ALPM] installed mintty (1~3.6.0-1)
[2022-05-03T03:56:21+0000] [ALPM] installed msys2-keyring (1~20211228-1)
[2022-05-03T03:56:21+0000] [ALPM] installed msys2-launcher (1.4-1)
[2022-05-03T03:56:21+0000] [ALPM] installed nano (6.2-3)
[2022-05-03T03:56:21+0000] [ALPM] installed libassuan (2.5.5-1)
[2022-05-03T03:56:21+0000] [ALPM] installed libhogweed (3.7.3-2)
[2022-05-03T03:56:21+0000] [ALPM] installed libnettle (3.7.3-2)
[2022-05-03T03:56:21+0000] [ALPM] installed libgnutls (3.7.4-2)
[2022-05-03T03:56:21+0000] [ALPM] installed libksba (1.6.0-1)
[2022-05-03T03:56:21+0000] [ALPM] installed libnpth (1.6-1)
[2022-05-03T03:56:21+0000] [ALPM] installed nettle (3.7.3-2)
[2022-05-03T03:56:21+0000] [ALPM] installed pinentry (1.2.0-1)
[2022-05-03T03:56:22+0000] [ALPM] installed gnupg (2.2.32-2)
[2022-05-03T03:56:22+0000] [ALPM] installed pacman-mirrors (20220205-1)
[2022-05-03T03:56:22+0000] [ALPM] installed which (2.21-3)
[2022-05-03T03:56:22+0000] [ALPM] installed xz (5.2.5-2)
[2022-05-03T03:56:22+0000] [ALPM] installed zstd (1.5.2-1)
[2022-05-03T03:56:22+0000] [ALPM] installed pacman (6.0.1-14)
[2022-05-03T03:56:22+0000] [ALPM] installed db (5.3.28-3)
[2022-05-03T03:56:22+0000] [ALPM] installed libgdbm (1.22-3)
[2022-05-03T03:56:22+0000] [ALPM] installed gdbm (1.22-3)
[2022-05-03T03:56:25+0000] [ALPM] installed perl (5.32.1-2)
[2022-05-03T03:56:25+0000] [ALPM] installed pacman-contrib (1.4.0-2)
[2022-05-03T03:56:25+0000] [ALPM] installed rebase (4.5.0-1)
[2022-05-03T03:56:25+0000] [ALPM] installed time (1.9-2)
[2022-05-03T03:56:28+0000] [ALPM] installed tzcode (2021e-1)
[2022-05-03T03:56:28+0000] [ALPM] installed libutil-linux (2.35.2-1)
[2022-05-03T03:56:28+0000] [ALPM] installed util-linux (2.35.2-1)
[2022-05-03T03:56:28+0000] [ALPM] installed libgpgme (1.17.0-2)
[2022-05-03T03:56:28+0000] [ALPM] installed libpcre2_8 (10.37-1)
[2022-05-03T03:56:28+0000] [ALPM] installed wget (1.21.3-1)
[2022-05-03T03:56:28+0000] [ALPM] installed base (2020.12-1)
[2022-05-03T03:56:28+0000] [ALPM] transaction completed
[2022-05-03T03:56:28+0000] [ALPM] running 'texinfo-install.hook'...
[2024-08-07T20:26:39-0300] [PACMAN] Running 'pacman -S make'
[2024-08-07T20:26:50-0300] [ALPM] transaction started
[2024-08-07T20:26:50-0300] [ALPM] installed make (4.3-3)
[2024-08-07T20:26:50-0300] [ALPM] transaction completed
[2024-08-07T20:26:50-0300] [ALPM] running 'texinfo-install.hook'...
